c:\work\windows\qt_pojects\one_converter\one_converter\x64\debug\vc120.pdb
c:\work\windows\qt_pojects\one_converter\one_converter\x64\debug\yuv.obj
c:\work\windows\qt_pojects\one_converter\one_converter\x64\debug\video.obj
c:\work\windows\qt_pojects\one_converter\one_converter\x64\debug\project_init.obj
c:\work\windows\qt_pojects\one_converter\one_converter\x64\debug\player.obj
c:\work\windows\qt_pojects\one_converter\one_converter\x64\debug\one_converter.obj
c:\work\windows\qt_pojects\one_converter\one_converter\x64\debug\main.obj
c:\work\windows\qt_pojects\one_converter\one_converter\x64\debug\moc_one_converter.obj
c:\work\windows\qt_pojects\one_converter\one_converter\x64\debug\audio.obj
c:\work\windows\qt_pojects\one_converter\one_converter\x64\debug\qrc_one_converter.obj
c:\work\windows\qt_pojects\one_converter\one_converter\x64\debug\moc_audio.obj
c:\work\windows\qt_pojects\one_converter\one_converter\generatedfiles\debug\moc_one_converter.cpp
c:\work\windows\qt_pojects\one_converter\one_converter\generatedfiles\qrc_one_converter.cpp
c:\work\windows\qt_pojects\one_converter\one_converter\generatedfiles\ui_loading_form.h
c:\work\windows\qt_pojects\one_converter\one_converter\generatedfiles\debug\moc_audio.cpp
c:\work\windows\qt_pojects\one_converter\one_converter\generatedfiles\ui_one_converter.h
c:\work\windows\qt_pojects\one_converter\x64\debug\one_converter.ilk
c:\work\windows\qt_pojects\one_converter\x64\debug\one_converter.exe
c:\work\windows\qt_pojects\one_converter\x64\debug\one_converter.pdb
c:\work\windows\qt_pojects\one_converter\one_converter\x64\debug\one_converter.tlog\cl.command.1.tlog
c:\work\windows\qt_pojects\one_converter\one_converter\x64\debug\one_converter.tlog\cl.read.1.tlog
c:\work\windows\qt_pojects\one_converter\one_converter\x64\debug\one_converter.tlog\cl.write.1.tlog
c:\work\windows\qt_pojects\one_converter\one_converter\x64\debug\one_converter.tlog\custombuild.command.1.tlog
c:\work\windows\qt_pojects\one_converter\one_converter\x64\debug\one_converter.tlog\custombuild.read.1.tlog
c:\work\windows\qt_pojects\one_converter\one_converter\x64\debug\one_converter.tlog\custombuild.write.1.tlog
c:\work\windows\qt_pojects\one_converter\one_converter\x64\debug\one_converter.tlog\link.command.1.tlog
c:\work\windows\qt_pojects\one_converter\one_converter\x64\debug\one_converter.tlog\link.read.1.tlog
c:\work\windows\qt_pojects\one_converter\one_converter\x64\debug\one_converter.tlog\link.write.1.tlog
